{
  "stats": {
    "suites": 2,
    "tests": 2,
    "passes": 2,
    "pending": 0,
    "failures": 0,
    "start": "2026-02-09T03:53:05.364Z",
    "end": "2026-02-09T03:53:06.347Z",
    "duration": 983,
    "testsRegistered": 2,
    "passPercent": 100,
    "pendingPercent": 0,
    "other": 0,
    "hasOther": false,
    "skipped": 0,
    "hasSkipped": false
  },
  "results": [
    {
      "uuid": "79937f9c-ef97-43ff-b03e-736a7b64acc6",
      "title": "",
      "fullFile": "",
      "file": "",
      "beforeHooks": [],
      "afterHooks": [],
      "tests": [],
      "suites": [
        {
          "uuid": "8d5e4aa0-deae-4472-ba8a-e5bdb7e4526b",
          "title": "POST Create User",
          "fullFile": "C:\\Users\\IT-STAFF-SECURE\\Latihan\\bootcamp-task\\Pertemuan7\\api-automation-mocha\\test\\create-user.test.js",
          "file": "\\test\\create-user.test.js",
          "beforeHooks": [],
          "afterHooks": [],
          "tests": [
            {
              "title": "Should create user successfully",
              "fullTitle": "POST Create User Should create user successfully",
              "timedOut": false,
              "duration": 697,
              "state": "passed",
              "speed": "slow",
              "pass": true,
              "fail": false,
              "pending": false,
              "context": null,
              "code": "const response = await fetch(\"https://dummyjson.com/users/add\", {\n  method: \"POST\",\n  headers: {\n    \"Content-Type\": \"application/json\"\n  },\n  body: JSON.stringify({\n    firstName: \"Muhammad\",\n    lastName: \"Sofyan\",\n    age: 30\n  })\n});\nconst body = await response.json();\nexpect([200, 201]).to.include(response.status);\nexpect(body).to.have.property(\"id\");\nexpect(body).to.have.property(\"firstName\");",
              "err": {},
              "uuid": "945cbcec-06f3-4edb-87b2-4edb7f6e65b4",
              "parentUUID": "8d5e4aa0-deae-4472-ba8a-e5bdb7e4526b",
              "isHook": false,
              "skipped": false
            }
          ],
          "suites": [],
          "passes": [
            "945cbcec-06f3-4edb-87b2-4edb7f6e65b4"
          ],
          "failures": [],
          "pending": [],
          "skipped": [],
          "duration": 697,
          "root": false,
          "rootEmpty": false,
          "_timeout": 2000
        },
        {
          "uuid": "c10ecb4d-71f2-4b1d-8b74-a6a3ebe6512c",
          "title": "GET Single User",
          "fullFile": "C:\\Users\\IT-STAFF-SECURE\\Latihan\\bootcamp-task\\Pertemuan7\\api-automation-mocha\\test\\get-user.test.js",
          "file": "\\test\\get-user.test.js",
          "beforeHooks": [],
          "afterHooks": [],
          "tests": [
            {
              "title": "Should return user data",
              "fullTitle": "GET Single User Should return user data",
              "timedOut": false,
              "duration": 274,
              "state": "passed",
              "speed": "slow",
              "pass": true,
              "fail": false,
              "pending": false,
              "context": null,
              "code": "const response = await fetch(\"https://dummyjson.com/users/1\");\nconst body = await response.json();\nexpect(response.status).to.equal(200);\nexpect(body).to.have.property(\"age\");\nexpect(body).to.have.property(\"firstName\");\nexpect(body).to.have.property(\"lastName\");",
              "err": {},
              "uuid": "3f623aa9-d1cd-4432-ae43-024bc9cd705c",
              "parentUUID": "c10ecb4d-71f2-4b1d-8b74-a6a3ebe6512c",
              "isHook": false,
              "skipped": false
            }
          ],
          "suites": [],
          "passes": [
            "3f623aa9-d1cd-4432-ae43-024bc9cd705c"
          ],
          "failures": [],
          "pending": [],
          "skipped": [],
          "duration": 274,
          "root": false,
          "rootEmpty": false,
          "_timeout": 2000
        }
      ],
      "passes": [],
      "failures": [],
      "pending": [],
      "skipped": [],
      "duration": 0,
      "root": true,
      "rootEmpty": true,
      "_timeout": 2000
    }
  ],
  "meta": {
    "mocha": {
      "version": "11.3.0"
    },
    "mochawesome": {
      "options": {
        "quiet": true,
        "reportFilename": "mochawesome",
        "saveHtml": true,
        "saveJson": true,
        "consoleReporter": "spec",
        "useInlineDiffs": false,
        "code": true
      },
      "version": "7.1.4"
    },
    "marge": {
      "options": {
        "reportDir": "mochawesome-report",
        "reportFilename": "mochawesome",
        "quiet": "true"
      },
      "version": "6.3.2"
    }
  }
}